Arguments: 
  /home/o/.nvm/versions/node/v16.15.1/bin/node /usr/local/bin/yarn set version 3

PATH: 
  /home/o/.bun/bin:/home/o/.local/share/pnpm:/home/o/.bun/bin:/home/o/.local/share/pnpm:/home/o/.nvm/versions/node/v16.15.1/bin:/usr/lib64/ccache:/home/o/.cargo/bin:/home/o/.rover/bin:/usr/local/bin:/usr/local/sbin:/usr/bin:/usr/sbin:/var/lib/snapd/snap/bin

Yarn version: 
  1.22.19

Node version: 
  16.15.1

Platform: 
  linux x64

Trace: 
  Error: Release not found: 3
      at /usr/local/lib/node_modules/yarn/lib/cli.js:86358:17
      at Generator.next (<anonymous>)
      at step (/usr/local/lib/node_modules/yarn/lib/cli.js:310:30)
      at /usr/local/lib/node_modules/yarn/lib/cli.js:321:13
      at processTicksAndRejections (node:internal/process/task_queues:96:5)

npm manifest: 
  {
  	"license": "ISC",
  	"private": true,
  	"name": "branchlint",
  	"version": "0.0.0",
  	"scripts": {
  		"testing": "pnpm @branchlint/cli",
  		"test": "turbo test",
  		"format": "turbo format",
  		"lint": "turbo lint",
  		"start": "turbo start",
  		"dev": "turbo dev",
  		"cli:test": "turbo test --filter=cli",
  		"cli:format": "turbo format --filter=cli",
  		"cli:lint": "turbo lint --filter=cli",
  		"cli:build": "turbo build --filter=cli",
  		"cli:start": "turbo start --filter=cli",
  		"cli:dev": "turbo dev --filter=cli",
  		"clean": "turbo clean",
  		"build": "turbo build",
  		"prepare": "husky install",
  		"commit": "git add . && git-cz",
  		"typecheck": "turbo typecheck",
  		"changeset": "changeset",
  		"version-packages": "changeset version",
  		"release": "pnpm build && changeset publish"
  	},
  	"devDependencies": {
  		"@changesets/changelog-git": "^0.1.12",
  		"@changesets/cli": "^2.22.0",
  		"@commitlint/cli": "^17.0.3",
  		"@commitlint/config-conventional": "^17.0.3",
  		"@typescript-eslint/eslint-plugin": "^5.0.0",
  		"commitizen": "^4.2.5",
  		"concurrently": "^7.3.0",
  		"cz-conventional-changelog": "^3.3.0",
  		"editorconfig": "^0.15.3",
  		"eslint": "^8.0.1",
  		"eslint-config-prettier": "^8.5.0",
  		"eslint-config-standard-with-typescript": "^22.0.0",
  		"eslint-plugin-import": "^2.25.2",
  		"eslint-plugin-n": "^15.0.0",
  		"eslint-plugin-promise": "^6.0.0",
  		"husky": "^8.0.1",
  		"nodemon": "^2.0.19",
  		"prettier": "^2.7.1",
  		"rimraf": "^3.0.2",
  		"turbo": "^1.6.2",
  		"typescript": "^4.7.4"
  	}
  }

yarn manifest: 
  No manifest

Lockfile: 
  No lockfile
